{"level":"info","message":"Info message","timestamp":"2023-04-22T17:45:54.258Z"}
{"level":"error","message":"Error message","timestamp":"2023-04-22T17:45:54.259Z"}
{"level":"warn","message":"Warning message","timestamp":"2023-04-22T17:45:54.259Z"}
{"level":"info","message":"Info message","timestamp":"2023-04-22T17:46:18.904Z"}
{"level":"error","message":"Error message","timestamp":"2023-04-22T17:46:18.905Z"}
{"level":"warn","message":"Warning message","timestamp":"2023-04-22T17:46:18.905Z"}
{"level":"info","message":"Info message","timestamp":"2023-04-22T17:46:29.260Z"}
{"level":"error","message":"Error message","timestamp":"2023-04-22T17:46:29.261Z"}
{"level":"warn","message":"Warning message","timestamp":"2023-04-22T17:46:29.261Z"}
{"level":"info","message":"Job added successfully","timestamp":"2023-04-22T17:46:46.171Z"}
{"level":"info","message":"Job added successfully","timestamp":"2023-04-22T18:03:23.429Z"}
{"level":"error","message":"err","timestamp":"2023-04-22T18:04:57.657Z"}

{"_message":"jobs validation failed","errors":{"title":{"kind":"required","message":"Path `title` is required.","name":"ValidatorError","path":"title","properties":{"message":"Path `title` is required.","path":"title","type":"required","value":""},"value":""}},"level":"error","message":"jobs validation failed: title: Path `title` is required.","name":"ValidationError","timestamp":"2023-04-22T18:05:28.596Z"}

{"level":"error","timestamp":"2023-04-22T18:07:42.942Z"}
{"level":"error","message":"Path `title` is required.","timestamp":"2023-04-22T18:08:15.939Z"}
{"level":"info","message":"Job added successfully","timestamp":"2023-04-22T18:08:49.328Z"}
{"level":"info","message":"Job added successfully","timestamp":"2023-04-22T18:09:11.060Z"}
{"level":"error","message":"Path `title` is required.","timestamp":"2023-04-22T18:09:18.638Z"}
{"level":"error","message":"jobs validation failed","timestamp":"2023-04-22T18:10:22.053Z"}
{"level":"info","message":"job deleted by recruiter","timestamp":"2023-04-22T18:20:41.481Z"}
{"level":"info","message":"User Logged in Successfully","timestamp":"2023-04-23T13:13:11.990Z"}
{"level":"info","message":"User Logged in Successfully","timestamp":"2023-04-23T13:14:09.920Z"}
{"level":"info","message":"User Logged in Successfully","timestamp":"2023-04-23T13:16:20.409Z"}
{"level":"info","message":"User Logged in Successfully","timestamp":"2023-04-23T13:16:37.415Z"}
{"level":"info","message":"User Logged in Successfully","timestamp":"2023-04-23T13:17:33.309Z"}
{"level":"info","message":"User Logged in Successfully","timestamp":"2023-04-23T13:18:05.878Z"}
{"level":"info","message":"User Logged in Successfully","timestamp":"2023-04-23T13:18:22.259Z"}
{"level":"info","message":"User Logged in Successfully","timestamp":"2023-04-23T13:19:38.613Z"}
{"level":"info","message":"User Logged in Successfully","timestamp":"2023-04-23T13:19:56.503Z"}
{"level":"info","message":"User Logged in Successfully","timestamp":"2023-04-23T13:21:57.271Z"}
{"level":"info","message":"User Logged in Successfully","timestamp":"2023-04-23T13:22:28.681Z"}
{"level":"info","message":"User Logged in Successfully","timestamp":"2023-04-23T13:22:43.014Z"}
{"level":"info","message":"User Logged in Successfully","timestamp":"2023-04-23T13:56:58.596Z"}
{"level":"info","message":"User Logged in Successfully","timestamp":"2023-04-23T14:06:14.809Z"}
{"level":"info","message":"User Logged in Successfully","timestamp":"2023-04-24T15:51:01.034Z"}
{"level":"info","message":"User Logged in Successfully","timestamp":"2023-04-24T15:59:59.952Z"}
{"level":"info","message":"User Logged in Successfully","timestamp":"2023-04-24T16:00:38.175Z"}
{"level":"info","message":"User Logged in Successfully","timestamp":"2023-04-24T16:01:25.625Z"}
{"level":"info","message":"User Logged in Successfully","timestamp":"2023-04-24T16:02:09.729Z"}
{"level":"info","message":"User Logged in Successfully","timestamp":"2023-04-24T16:02:49.075Z"}
{"level":"info","message":"User Logged in Successfully","timestamp":"2023-04-24T16:03:24.193Z"}
{"level":"info","message":"User Logged in Successfully","timestamp":"2023-04-24T16:04:08.296Z"}
{"level":"info","message":"User Logged in Successfully","timestamp":"2023-04-24T16:06:50.533Z"}
{"level":"info","message":"User Logged in Successfully","timestamp":"2023-04-24T16:09:30.264Z"}
{"level":"info","message":"User Logged in Successfully","timestamp":"2023-04-24T16:12:01.353Z"}
{"level":"info","message":"User Logged in Successfully","timestamp":"2023-04-24T16:13:26.605Z"}
{"level":"info","message":"User Logged in Successfully","timestamp":"2023-04-24T16:13:59.862Z"}
{"level":"info","message":"User Logged in Successfully","timestamp":"2023-04-24T16:17:48.952Z"}
{"level":"info","message":"User Logged in Successfully","timestamp":"2023-04-24T16:19:20.812Z"}
{"level":"info","message":"User Logged in Successfully","timestamp":"2023-04-24T16:20:53.395Z"}
{"level":"info","message":"User Logged in Successfully","timestamp":"2023-04-24T16:21:07.620Z"}
{"level":"info","message":"User Logged in Successfully","timestamp":"2023-04-24T16:22:48.592Z"}
{"level":"info","message":"User Logged in Successfully","timestamp":"2023-04-24T16:27:32.756Z"}
{"level":"info","message":"User Logged in Successfully","timestamp":"2023-04-24T16:27:49.436Z"}
{"level":"info","message":"User Logged in Successfully","timestamp":"2023-04-24T16:28:16.882Z"}
{"level":"info","message":"User Logged in Successfully","timestamp":"2023-04-24T16:29:58.270Z"}
{"level":"info","message":"New Job Applicant Signed up","timestamp":"2023-04-24T16:43:26.360Z"}
{"level":"info","message":"User Logged in Successfully","timestamp":"2023-04-24T16:47:44.546Z"}
{"level":"info","message":"User Logged in Successfully","timestamp":"2023-04-24T16:48:07.908Z"}
{"level":"info","message":"User Logged in Successfully","timestamp":"2023-04-24T16:48:29.687Z"}
{"level":"info","message":"User Logged in Successfully","timestamp":"2023-04-24T16:48:57.240Z"}
{"level":"info","message":"New Job Applicant Signed up","timestamp":"2023-04-24T16:48:58.850Z"}
{"level":"info","message":"User Logged in Successfully","timestamp":"2023-04-24T16:53:11.836Z"}
{"level":"info","message":"User Logged in Successfully","timestamp":"2023-04-24T16:57:56.264Z"}
{"level":"info","message":"New Job Applicant Signed up","timestamp":"2023-04-24T16:58:34.787Z"}
{"level":"info","message":"User Logged in Successfully","timestamp":"2023-04-24T16:58:35.233Z"}
{"level":"info","message":"User Logged in Successfully","timestamp":"2023-04-24T16:59:51.754Z"}
{"level":"info","message":"New Job Applicant Signed up","timestamp":"2023-04-24T16:59:52.088Z"}
{"level":"info","message":"New Job Applicant Signed up","timestamp":"2023-04-24T17:05:34.902Z"}
{"level":"info","message":"User Logged in Successfully","timestamp":"2023-04-24T17:08:21.150Z"}
{"level":"info","message":"New Job Applicant Signed up","timestamp":"2023-04-24T17:08:22.567Z"}
{"level":"info","message":"User Logged in Successfully","timestamp":"2023-04-24T17:12:32.543Z"}
{"level":"info","message":"New Recruiter Signed up","timestamp":"2023-04-24T17:12:33.968Z"}
{"level":"info","message":"User Logged in Successfully","timestamp":"2023-04-24T17:16:59.232Z"}
{"level":"info","message":"New Recruiter Signed up","timestamp":"2023-04-24T17:17:00.731Z"}
{"level":"info","message":"User Logged in Successfully","timestamp":"2023-04-24T17:18:23.331Z"}
{"level":"info","message":"New Recruiter Signed up","timestamp":"2023-04-24T17:18:24.851Z"}
{"level":"info","message":"User Logged in Successfully","timestamp":"2023-04-24T17:19:15.769Z"}
{"level":"info","message":"New Recruiter Signed up","timestamp":"2023-04-24T17:19:17.360Z"}
{"level":"info","message":"User Logged in Successfully","timestamp":"2023-04-24T17:21:00.945Z"}
{"level":"info","message":"New Recruiter Signed up","timestamp":"2023-04-24T17:21:02.515Z"}
{"level":"info","message":"User Logged in Successfully","timestamp":"2023-04-24T17:21:46.421Z"}
{"level":"info","message":"New Recruiter Signed up","timestamp":"2023-04-25T07:16:58.677Z"}
{"level":"info","message":"User Logged in Successfully","timestamp":"2023-04-25T07:16:58.886Z"}
{"level":"info","message":"New Recruiter Signed up","timestamp":"2023-04-25T08:52:08.697Z"}
{"level":"info","message":"User Logged in Successfully","timestamp":"2023-04-25T08:52:08.911Z"}
{"level":"info","message":"User Logged in Successfully","timestamp":"2023-04-25T08:52:28.154Z"}
{"level":"info","message":"User Logged in Successfully","timestamp":"2023-04-25T08:52:39.738Z"}
{"level":"info","message":"New Recruiter Signed up","timestamp":"2023-04-25T08:52:54.302Z"}
{"level":"info","message":"User Logged in Successfully","timestamp":"2023-04-25T08:52:54.512Z"}
{"level":"info","message":"New Recruiter Signed up","timestamp":"2023-04-25T08:53:08.718Z"}
{"level":"info","message":"User Logged in Successfully","timestamp":"2023-04-25T08:53:08.922Z"}
{"level":"info","message":"New Recruiter Signed up","timestamp":"2023-04-25T08:55:27.336Z"}
{"level":"info","message":"User Logged in Successfully","timestamp":"2023-04-25T08:55:27.552Z"}
{"level":"info","message":"New Recruiter Signed up","timestamp":"2023-04-25T08:56:14.105Z"}
{"level":"info","message":"User Logged in Successfully","timestamp":"2023-04-25T08:56:14.317Z"}
{"level":"info","message":"New Recruiter Signed up","timestamp":"2023-04-25T08:57:22.574Z"}
{"level":"info","message":"User Logged in Successfully","timestamp":"2023-04-25T08:57:22.786Z"}
{"level":"info","message":"User Logged in Successfully","timestamp":"2023-04-25T09:11:08.862Z"}
{"level":"info","message":"User Logged in Successfully","timestamp":"2023-04-25T09:12:00.889Z"}
{"level":"info","message":"User Logged in Successfully","timestamp":"2023-04-25T09:15:01.292Z"}
{"level":"info","message":"User Logged in Successfully","timestamp":"2023-04-25T09:18:30.614Z"}
{"level":"info","message":"User Logged in Successfully","timestamp":"2023-04-25T09:19:33.783Z"}
{"level":"info","message":"User Logged in Successfully","timestamp":"2023-04-25T09:21:52.931Z"}
{"level":"info","message":"User Logged in Successfully","timestamp":"2023-04-25T09:22:15.266Z"}
{"level":"info","message":"User Logged in Successfully","timestamp":"2023-04-25T09:22:50.628Z"}
{"level":"info","message":"User Logged in Successfully","timestamp":"2023-04-25T09:23:40.997Z"}
{"level":"info","message":"User Logged in Successfully","timestamp":"2023-04-25T09:25:51.934Z"}
{"level":"info","message":"User Logged in Successfully","timestamp":"2023-04-25T09:26:13.649Z"}
{"level":"info","message":"User Logged in Successfully","timestamp":"2023-04-25T09:26:35.107Z"}
{"level":"info","message":"User Logged in Successfully","timestamp":"2023-04-25T09:28:06.947Z"}
{"level":"info","message":"User Logged in Successfully","timestamp":"2023-04-25T09:28:17.213Z"}
{"level":"info","message":"User Logged in Successfully","timestamp":"2023-04-25T09:33:53.125Z"}
{"level":"info","message":"User Logged in Successfully","timestamp":"2023-04-25T09:33:53.134Z"}
{"level":"info","message":"User Logged in Successfully","timestamp":"2023-04-25T09:34:41.970Z"}
{"level":"info","message":"User Logged in Successfully","timestamp":"2023-04-25T09:34:41.980Z"}
{"level":"info","message":"User Logged in Successfully","timestamp":"2023-04-25T09:35:46.159Z"}
{"level":"info","message":"User Logged in Successfully","timestamp":"2023-04-25T09:37:04.000Z"}
{"level":"info","message":"User Logged in Successfully","timestamp":"2023-04-25T09:37:32.142Z"}
{"level":"info","message":"User Logged in Successfully","timestamp":"2023-04-25T09:38:28.016Z"}
{"level":"info","message":"User Logged in Successfully","timestamp":"2023-04-25T09:39:47.315Z"}
{"level":"info","message":"User Logged in Successfully","timestamp":"2023-04-25T09:42:01.406Z"}
{"level":"info","message":"User Logged in Successfully","timestamp":"2023-04-25T09:42:21.222Z"}
{"level":"info","message":"User Logged in Successfully","timestamp":"2023-04-25T09:42:46.269Z"}
{"level":"info","message":"User Logged in Successfully","timestamp":"2023-04-25T10:17:40.270Z"}
{"level":"info","message":"User Logged in Successfully","timestamp":"2023-04-25T10:20:48.917Z"}
{"level":"info","message":"User Logged in Successfully","timestamp":"2023-04-25T10:24:08.840Z"}
{"level":"info","message":"User Logged in Successfully","timestamp":"2023-04-25T10:31:43.073Z"}
{"level":"info","message":"User Logged in Successfully","timestamp":"2023-04-25T10:31:48.289Z"}
{"level":"info","message":"User Logged in Successfully","timestamp":"2023-04-25T10:31:58.427Z"}
{"level":"info","message":"User Logged in Successfully","timestamp":"2023-04-25T10:32:01.801Z"}
{"level":"info","message":"User Logged in Successfully","timestamp":"2023-04-25T10:32:51.317Z"}
{"level":"info","message":"User Logged in Successfully","timestamp":"2023-04-25T10:32:54.590Z"}
{"level":"info","message":"User Logged in Successfully","timestamp":"2023-04-25T10:34:00.155Z"}
{"level":"info","message":"User Logged in Successfully","timestamp":"2023-04-25T10:34:04.457Z"}
{"level":"info","message":"User Logged in Successfully","timestamp":"2023-04-25T10:35:08.901Z"}
{"level":"info","message":"User Logged in Successfully","timestamp":"2023-04-25T10:39:15.247Z"}
